<?xml version="1.0" encoding="UTF-8"?>
<!-- Generated by org.testng.reporters.JUnitXMLReporter -->
<testsuite hostname="PRINHYLTPDL0593" name="Basic Tests" tests="1" failures="1" timestamp="25 Jul 2016 12:58:54 GMT" time="45.945" errors="0">
  <testcase name="launch" time="42.087" classname="com.imaginea.tests.SampleTest">
    <failure type="java.lang.NullPointerException">
      <![CDATA[java.lang.NullPointerException
	at com.imaginea.pageObjects.LoginPage.clickGoButton(LoginPage.java:19)
	at com.imaginea.tests.SampleTest.launch(SampleTest.java:27)
... Removed 24 stack frames]]>
    </failure>
  </testcase> <!-- launch -->
</testsuite> <!-- Basic Tests -->
